{"message":"Express server running","level":"info","service":"user-service","timestamp":"2021-05-19T06:57:25.767Z"}
{"service":"user-service","level":"error","message":"Express Server failure","timestamp":"2021-05-19T07:38:52.108Z"}
{"level":"error","service":"user-service","timestamp":"2021-05-19T07:38:52.111Z"}
{"service":"user-service","level":"error","message":"Express Server failure","timestamp":"2021-05-19T07:41:11.259Z"}
{"level":"error","service":"user-service","timestamp":"2021-05-19T07:41:11.262Z"}
{"message":"Express server running","level":"info","service":"user-service","timestamp":"2021-05-19T07:45:26.447Z"}
{"message":"Here...1","level":"info","service":"user-service","timestamp":"2021-05-19T07:48:37.350Z"}
{"message":"Here...2","level":"info","service":"user-service","timestamp":"2021-05-19T07:48:37.352Z"}
{"message":"Express server running","level":"info","service":"user-service","timestamp":"2021-05-19T07:48:37.355Z"}
{"message":"Express server running","level":"info","service":"user-service","timestamp":"2021-05-19T07:53:22.601Z"}
{"message":"Express server running","level":"info","service":"user-service","timestamp":"2021-05-19T07:54:36.649Z"}
{"message":"Express server running","level":"info","service":"user-service","timestamp":"2021-05-19T07:59:53.191Z"}
{"message":"Express server running","level":"info","service":"user-service","timestamp":"2021-05-19T08:02:10.891Z"}
{"message":"Express server running","level":"info","service":"user-service","timestamp":"2021-05-19T08:03:22.932Z"}
{"message":"Express server running","level":"info","service":"user-service","timestamp":"2021-05-19T11:48:47.423Z"}
{"message":"Express server running","level":"info","service":"user-service","timestamp":"2021-05-19T12:16:23.763Z"}
{"message":"Express server running","level":"info","service":"user-service","timestamp":"2021-05-19T12:22:59.485Z"}
{"message":"Express server running","level":"info","service":"user-service","timestamp":"2021-05-19T12:24:17.457Z"}
{"message":"Express server running","level":"info","service":"user-service","timestamp":"2021-05-19T12:31:26.257Z"}
{"message":"Express server running","level":"info","service":"user-service","timestamp":"2021-05-19T12:32:27.254Z"}
{"message":"Express server running","level":"info","service":"user-service","timestamp":"2021-05-25T10:15:16.723Z"}
{"message":"Express server running","level":"info","service":"user-service","timestamp":"2021-05-26T05:01:59.654Z"}
{"message":"Express server running","level":"info","service":"user-service","timestamp":"2021-05-26T05:15:47.909Z"}
{"message":"Express server running","level":"info","service":"user-service","timestamp":"2021-05-26T05:57:34.412Z"}
{"message":"Express server running","level":"info","service":"user-service","timestamp":"2021-05-26T06:04:24.868Z"}
{"message":"Express server running","level":"info","service":"user-service","timestamp":"2021-05-26T06:07:16.141Z"}
{"message":"Express server running","level":"info","service":"user-service","timestamp":"2021-05-26T06:42:25.972Z"}
{"message":"Express server running","level":"info","service":"user-service","timestamp":"2021-05-26T06:47:16.276Z"}
{"message":"Express server running","level":"info","service":"user-service","timestamp":"2021-05-26T06:52:04.867Z"}
{"message":"Express server running","level":"info","service":"user-service","timestamp":"2021-05-26T06:53:17.333Z"}
{"message":"Express server running","level":"info","service":"user-service","timestamp":"2021-05-26T06:57:14.794Z"}
{"message":"Express server running","level":"info","service":"user-service","timestamp":"2021-05-26T07:01:16.759Z"}
{"message":"Express server running","level":"info","service":"user-service","timestamp":"2021-05-26T07:03:08.609Z"}
{"message":"Express server running","level":"info","service":"user-service","timestamp":"2021-05-26T07:04:10.679Z"}
{"message":"Express server running","level":"info","service":"user-service","timestamp":"2021-05-26T07:05:34.387Z"}
{"message":"length=undefined","level":"info","service":"user-service","timestamp":"2021-05-26T07:05:44.341Z"}
{"message":"Express server running","level":"info","service":"user-service","timestamp":"2021-05-26T07:08:57.993Z"}
{"message":"Express server running","level":"info","service":"user-service","timestamp":"2021-05-26T07:10:58.352Z"}
{"message":"Express server running","level":"info","service":"user-service","timestamp":"2021-05-26T07:15:35.149Z"}
{"message":"Express server running","level":"info","service":"user-service","timestamp":"2021-05-26T07:18:39.511Z"}
{"message":"Express server running","level":"info","service":"user-service","timestamp":"2021-05-26T07:21:23.782Z"}
{"message":"Express server running","level":"info","service":"user-service","timestamp":"2021-05-26T07:22:21.785Z"}
{"message":"Express server running","level":"info","service":"user-service","timestamp":"2021-05-26T07:43:49.714Z"}
{"message":"Express server running","level":"info","service":"user-service","timestamp":"2021-05-26T07:45:58.627Z"}
{"message":"Express server running","level":"info","service":"user-service","timestamp":"2021-05-26T07:48:02.955Z"}
{"message":"Express server running","level":"info","service":"user-service","timestamp":"2021-05-26T07:55:46.618Z"}
{"message":"Express server running","level":"info","service":"user-service","timestamp":"2021-05-26T08:02:16.080Z"}
{"message":"Express server running","level":"info","service":"user-service","timestamp":"2021-05-26T08:08:19.165Z"}
{"message":"Express server running","level":"info","service":"user-service","timestamp":"2021-05-26T08:10:05.339Z"}
{"message":"Express server running","level":"info","service":"user-service","timestamp":"2021-05-26T08:21:16.611Z"}
{"message":"Express server running","level":"info","service":"user-service","timestamp":"2021-05-26T08:26:00.234Z"}
{"message":"Express server running","level":"info","service":"user-service","timestamp":"2021-05-26T08:30:01.649Z"}
{"message":"Express server running","level":"info","service":"user-service","timestamp":"2021-05-26T08:33:34.406Z"}
{"message":"Express server running","level":"info","service":"user-service","timestamp":"2021-05-26T08:35:14.403Z"}
{"message":"Express server running","level":"info","service":"user-service","timestamp":"2021-05-26T08:36:21.641Z"}
{"message":"Express server running","level":"info","service":"user-service","timestamp":"2021-05-26T08:51:12.467Z"}
{"message":"Express server running","level":"info","service":"user-service","timestamp":"2021-05-26T08:52:22.565Z"}
{"message":"Express server running","level":"info","service":"user-service","timestamp":"2021-05-26T08:53:41.930Z"}
{"message":"Express server running","level":"info","service":"user-service","timestamp":"2021-05-26T09:04:15.297Z"}
{"message":"Express server running","level":"info","service":"user-service","timestamp":"2021-05-26T09:23:34.192Z"}
{"message":"Express server running","level":"info","service":"user-service","timestamp":"2021-05-26T09:26:06.571Z"}
{"message":"Express server running","level":"info","service":"user-service","timestamp":"2021-05-26T09:27:09.540Z"}
{"message":"Express server running","level":"info","service":"user-service","timestamp":"2021-05-26T09:28:26.976Z"}
{"message":"Express server running","level":"info","service":"user-service","timestamp":"2021-05-26T09:31:04.922Z"}
{"message":"Express server running","level":"info","service":"user-service","timestamp":"2021-05-26T09:38:39.156Z"}
{"message":"Express server running","level":"info","service":"user-service","timestamp":"2021-05-26T09:47:57.466Z"}
{"message":"Express server running","level":"info","service":"user-service","timestamp":"2021-05-26T09:51:42.896Z"}
{"message":"Express server running","level":"info","service":"user-service","timestamp":"2021-05-26T09:58:26.877Z"}
{"message":"Express server running","level":"info","service":"user-service","timestamp":"2021-05-26T10:01:37.035Z"}
{"message":"Express server running","level":"info","service":"user-service","timestamp":"2021-05-26T10:03:46.482Z"}
{"message":"Express server running","level":"info","service":"user-service","timestamp":"2021-05-26T10:06:22.241Z"}
{"message":"Express server running","level":"info","service":"user-service","timestamp":"2021-05-26T10:10:39.730Z"}
{"message":"Express server running","level":"info","service":"user-service","timestamp":"2021-05-26T10:12:13.648Z"}
{"message":"Express server running","level":"info","service":"user-service","timestamp":"2021-05-26T10:15:55.840Z"}
{"message":"Express server running","level":"info","service":"user-service","timestamp":"2021-05-26T10:18:14.104Z"}
{"message":"Express server running","level":"info","service":"user-service","timestamp":"2021-05-26T10:57:28.283Z"}
{"message":"Express server running","level":"info","service":"user-service","timestamp":"2021-05-26T12:09:46.550Z"}
{"message":"Express server running","level":"info","service":"user-service","timestamp":"2021-05-26T17:29:31.186Z"}
{"message":"Express server running","level":"info","service":"user-service","timestamp":"2021-05-26T17:32:40.893Z"}
{"message":"Express server running","level":"info","service":"user-service","timestamp":"2021-05-26T17:40:13.670Z"}
{"message":"Express server running","level":"info","service":"user-service","timestamp":"2021-05-26T17:49:51.116Z"}
{"message":"Express server running","level":"info","service":"user-service","timestamp":"2021-05-26T17:51:37.167Z"}
{"message":"Express server running","level":"info","service":"user-service","timestamp":"2021-05-26T17:55:46.757Z"}
{"message":"Express server running","level":"info","service":"user-service","timestamp":"2021-05-26T17:57:35.764Z"}
{"message":"Express server running","level":"info","service":"user-service","timestamp":"2021-05-26T18:03:11.429Z"}
{"message":"Express server running","level":"info","service":"user-service","timestamp":"2021-05-26T18:06:24.322Z"}
{"message":"Express server running","level":"info","service":"user-service","timestamp":"2021-05-26T18:07:31.164Z"}
{"message":"Express server running","level":"info","service":"user-service","timestamp":"2021-05-26T18:09:41.639Z"}
{"message":"Express server running","level":"info","service":"user-service","timestamp":"2021-05-26T18:14:33.842Z"}
{"message":"Express server running","level":"info","service":"user-service","timestamp":"2021-05-26T18:16:35.007Z"}
{"message":"Express server running","level":"info","service":"user-service","timestamp":"2021-05-26T20:50:15.018Z"}
{"message":"Express server running","level":"info","service":"user-service","timestamp":"2021-05-26T20:51:44.860Z"}
{"message":"Express server running","level":"info","service":"user-service","timestamp":"2021-05-27T04:42:49.879Z"}
{"message":"Express server running","level":"info","service":"user-service","timestamp":"2021-05-27T04:45:07.195Z"}
{"message":"Express server running","level":"info","service":"user-service","timestamp":"2021-05-27T04:47:27.311Z"}
{"message":"Express server running","level":"info","service":"user-service","timestamp":"2021-05-27T06:41:49.001Z"}
{"message":"Express server running","level":"info","service":"user-service","timestamp":"2021-05-27T06:45:52.494Z"}
{"message":"Express server running","level":"info","service":"user-service","timestamp":"2021-05-27T06:50:58.138Z"}
{"message":"Express server running","level":"info","service":"user-service","timestamp":"2021-05-27T07:04:19.900Z"}
{"message":"Express server running","level":"info","service":"user-service","timestamp":"2021-05-27T07:10:19.912Z"}
{"message":"Express server running","level":"info","service":"user-service","timestamp":"2021-05-27T08:32:41.358Z"}
{"message":"Express server running","level":"info","service":"user-service","timestamp":"2021-05-27T08:40:31.468Z"}
{"message":"Express server running","level":"info","service":"user-service","timestamp":"2021-05-27T08:44:24.363Z"}
{"message":"Express server running","level":"info","service":"user-service","timestamp":"2021-05-27T08:46:07.988Z"}
{"message":"Express server running","level":"info","service":"user-service","timestamp":"2021-05-27T08:47:37.350Z"}
{"message":"Express server running","level":"info","service":"user-service","timestamp":"2021-05-27T08:50:40.055Z"}
{"message":"Express server running","level":"info","service":"user-service","timestamp":"2021-05-27T09:10:33.503Z"}
{"message":"Express server running","level":"info","service":"user-service","timestamp":"2021-05-27T14:42:25.615Z"}
{"message":"Express server running","level":"info","service":"user-service","timestamp":"2021-05-27T14:44:21.781Z"}
{"message":"Express server running","level":"info","service":"user-service","timestamp":"2021-05-27T14:45:54.642Z"}
{"message":"Express server running","level":"info","service":"user-service","timestamp":"2021-05-28T06:12:36.972Z"}
{"message":"Express server running","level":"info","service":"user-service","timestamp":"2021-05-28T06:13:34.436Z"}
{"message":"Express server running","level":"info","service":"user-service","timestamp":"2021-05-28T06:15:12.104Z"}
{"message":"Express server running","level":"info","service":"user-service","timestamp":"2021-05-28T06:17:14.795Z"}
{"message":"Express server running","level":"info","service":"user-service","timestamp":"2021-05-28T06:18:28.411Z"}
{"message":"Express server running","level":"info","service":"user-service","timestamp":"2021-05-28T06:22:55.592Z"}
{"message":"Express server running","level":"info","service":"user-service","timestamp":"2021-05-28T06:25:37.040Z"}
{"message":"Express server running","level":"info","service":"user-service","timestamp":"2021-05-28T06:26:28.979Z"}
{"message":"Express server running","level":"info","service":"user-service","timestamp":"2021-05-28T06:31:31.667Z"}
{"message":"Express server running","level":"info","service":"user-service","timestamp":"2021-05-28T06:32:26.748Z"}
{"message":"Express server running","level":"info","service":"user-service","timestamp":"2021-05-28T06:44:00.801Z"}
{"message":"Express server running","level":"info","service":"user-service","timestamp":"2021-05-28T06:46:08.535Z"}
{"message":"Express server running","level":"info","service":"user-service","timestamp":"2021-05-28T06:48:20.166Z"}
{"message":"Express server running","level":"info","service":"user-service","timestamp":"2021-05-28T06:49:57.364Z"}
{"message":"Express server running","level":"info","service":"user-service","timestamp":"2021-05-28T06:52:02.995Z"}
{"message":"Express server running","level":"info","service":"user-service","timestamp":"2021-05-28T06:54:14.396Z"}
{"message":"Express server running","level":"info","service":"user-service","timestamp":"2021-05-28T07:03:58.192Z"}
{"message":"Express server running","level":"info","service":"user-service","timestamp":"2021-05-28T14:13:48.173Z"}
{"message":"Express server running","level":"info","service":"user-service","timestamp":"2021-05-28T14:15:07.282Z"}
{"message":"Express server running","level":"info","service":"user-service","timestamp":"2021-05-28T14:16:11.483Z"}
{"message":"Express server running","level":"info","service":"user-service","timestamp":"2021-05-28T14:21:02.881Z"}
{"message":"Express server running","level":"info","service":"user-service","timestamp":"2021-05-28T14:34:58.580Z"}
{"message":"Express server running","level":"info","service":"user-service","timestamp":"2021-05-28T14:40:06.546Z"}
{"message":"Express server running","level":"info","service":"user-service","timestamp":"2021-05-28T14:41:53.160Z"}
{"message":"Express server running","level":"info","service":"user-service","timestamp":"2021-05-28T15:19:44.579Z"}
{"message":"Express server running","level":"info","service":"user-service","timestamp":"2021-05-28T15:27:56.792Z"}
{"message":"Express server running","level":"info","service":"user-service","timestamp":"2021-05-28T15:29:13.733Z"}
{"message":"Express server running","level":"info","service":"user-service","timestamp":"2021-05-28T15:33:35.551Z"}
{"message":"Express server running","level":"info","service":"user-service","timestamp":"2021-05-28T15:35:37.755Z"}
{"message":"Express server running","level":"info","service":"user-service","timestamp":"2021-05-28T15:36:42.451Z"}
{"message":"Express server running","level":"info","service":"user-service","timestamp":"2021-05-28T15:38:07.859Z"}
{"message":"Express server running","level":"info","service":"user-service","timestamp":"2021-05-28T15:38:48.162Z"}
{"message":"Express server running","level":"info","service":"user-service","timestamp":"2021-05-28T15:46:37.652Z"}
{"message":"Express server running","level":"info","service":"user-service","timestamp":"2021-05-28T15:47:53.333Z"}
{"message":"Express server running","level":"info","service":"user-service","timestamp":"2021-05-28T15:49:47.956Z"}
{"message":"Express server running","level":"info","service":"user-service","timestamp":"2021-05-28T15:53:44.329Z"}
{"message":"Express server running","level":"info","service":"user-service","timestamp":"2021-05-28T15:57:41.904Z"}
{"message":"Express server running","level":"info","service":"user-service","timestamp":"2021-05-28T15:58:35.858Z"}
{"message":"Express server running","level":"info","service":"user-service","timestamp":"2021-05-28T16:14:30.309Z"}
{"message":"Express server running","level":"info","service":"user-service","timestamp":"2021-05-28T20:44:04.223Z"}
{"message":"Express server running","level":"info","service":"user-service","timestamp":"2021-05-28T20:45:19.345Z"}
{"message":"Express server running","level":"info","service":"user-service","timestamp":"2021-05-28T20:46:55.433Z"}
{"message":"Express server running","level":"info","service":"user-service","timestamp":"2021-05-28T20:49:27.525Z"}
{"message":"Express server running","level":"info","service":"user-service","timestamp":"2021-05-28T20:51:03.491Z"}
{"message":"Express server running","level":"info","service":"user-service","timestamp":"2021-05-28T20:52:25.406Z"}
{"message":"Express server running","level":"info","service":"user-service","timestamp":"2021-05-29T00:18:23.460Z"}
{"message":"Express server running","level":"info","service":"user-service","timestamp":"2021-05-29T00:26:51.185Z"}
{"message":"Express server running","level":"info","service":"user-service","timestamp":"2021-05-29T00:30:20.651Z"}
{"message":"Express server running","level":"info","service":"user-service","timestamp":"2021-05-29T00:31:38.846Z"}
{"message":"Express server running","level":"info","service":"user-service","timestamp":"2021-05-29T00:33:07.843Z"}
{"message":"Express server running","level":"info","service":"user-service","timestamp":"2021-05-29T00:34:39.902Z"}
{"message":"Express server running","level":"info","service":"user-service","timestamp":"2021-05-29T00:36:21.869Z"}
{"message":"Express server running","level":"info","service":"user-service","timestamp":"2021-05-29T00:39:13.674Z"}
{"message":"Express server running","level":"info","service":"user-service","timestamp":"2021-05-29T01:18:10.581Z"}
{"message":"Express server running","level":"info","service":"user-service","timestamp":"2021-05-29T01:29:25.839Z"}
{"message":"Express server running","level":"info","service":"user-service","timestamp":"2021-05-29T05:45:35.411Z"}
{"message":"Express server running","level":"info","service":"user-service","timestamp":"2021-05-29T05:49:24.789Z"}
{"message":"Express server running","level":"info","service":"user-service","timestamp":"2021-05-29T06:05:27.046Z"}
{"message":"Express server running","level":"info","service":"user-service","timestamp":"2021-05-29T06:36:24.910Z"}
{"message":"Express server running","level":"info","service":"user-service","timestamp":"2021-05-29T06:40:17.077Z"}
{"message":"Express server running","level":"info","service":"user-service","timestamp":"2021-05-29T06:43:18.764Z"}
{"message":"Express server running","level":"info","service":"user-service","timestamp":"2021-05-29T06:45:07.860Z"}
{"message":"Express server running","level":"info","service":"user-service","timestamp":"2021-05-29T06:47:05.625Z"}
{"message":"Express server running","level":"info","service":"user-service","timestamp":"2021-05-29T06:49:19.840Z"}
{"message":"Express server running","level":"info","service":"user-service","timestamp":"2021-05-29T06:51:14.558Z"}
{"message":"Express server running","level":"info","service":"user-service","timestamp":"2021-05-29T06:53:08.798Z"}
{"message":"Express server running","level":"info","service":"user-service","timestamp":"2021-05-29T06:54:12.740Z"}
{"message":"Express server running","level":"info","service":"user-service","timestamp":"2021-05-29T06:55:11.916Z"}
{"message":"Express server running","level":"info","service":"user-service","timestamp":"2021-05-29T06:56:09.950Z"}
{"message":"Express server running","level":"info","service":"user-service","timestamp":"2021-05-29T06:57:23.611Z"}
{"message":"Express server running","level":"info","service":"user-service","timestamp":"2021-05-29T06:59:33.226Z"}
{"message":"Express server running","level":"info","service":"user-service","timestamp":"2021-05-29T07:00:26.198Z"}
{"message":"Express server running","level":"info","service":"user-service","timestamp":"2021-05-29T07:01:49.000Z"}
{"message":"Express server running","level":"info","service":"user-service","timestamp":"2021-05-29T22:43:33.508Z"}
{"message":"Express server running","level":"info","service":"user-service","timestamp":"2021-05-29T22:47:00.135Z"}
{"message":"Express server running","level":"info","service":"user-service","timestamp":"2021-05-29T22:48:34.684Z"}
{"message":"Express server running","level":"info","service":"user-service","timestamp":"2021-05-29T22:51:16.342Z"}
{"message":"Express server running","level":"info","service":"user-service","timestamp":"2021-05-29T23:01:53.646Z"}
{"message":"Express server running","level":"info","service":"user-service","timestamp":"2021-05-29T23:07:31.772Z"}
{"message":"Express server running","level":"info","service":"user-service","timestamp":"2021-05-29T23:09:22.526Z"}
{"message":"Express server running","level":"info","service":"user-service","timestamp":"2021-05-29T23:13:17.559Z"}
{"message":"Express server running","level":"info","service":"user-service","timestamp":"2021-05-29T23:14:19.324Z"}
{"message":"Express server running","level":"info","service":"user-service","timestamp":"2021-05-29T23:16:43.022Z"}
{"message":"Express server running","level":"info","service":"user-service","timestamp":"2021-05-29T23:16:59.466Z"}
{"message":"Express server running","level":"info","service":"user-service","timestamp":"2021-05-29T23:21:17.581Z"}
{"message":"Express server running","level":"info","service":"user-service","timestamp":"2021-05-29T23:25:33.398Z"}
{"message":"Express server running","level":"info","service":"user-service","timestamp":"2021-05-29T23:25:40.760Z"}
{"message":"Express server running","level":"info","service":"user-service","timestamp":"2021-05-29T23:28:00.488Z"}
{"message":"Express server running","level":"info","service":"user-service","timestamp":"2021-05-29T23:36:56.890Z"}
{"message":"Express server running","level":"info","service":"user-service","timestamp":"2021-05-29T23:46:29.411Z"}
{"message":"Express server running","level":"info","service":"user-service","timestamp":"2021-05-29T23:47:14.028Z"}
{"message":"Express server running","level":"info","service":"user-service","timestamp":"2021-05-29T23:48:07.141Z"}
{"message":"Express server running","level":"info","service":"user-service","timestamp":"2021-05-29T23:50:01.620Z"}
{"message":"Express server running","level":"info","service":"user-service","timestamp":"2021-05-29T23:50:35.301Z"}
{"message":"Express server running","level":"info","service":"user-service","timestamp":"2021-05-29T23:52:42.523Z"}
{"message":"Express server running","level":"info","service":"user-service","timestamp":"2021-05-29T23:53:12.925Z"}
{"message":"Express server running","level":"info","service":"user-service","timestamp":"2021-05-29T23:53:54.910Z"}
{"message":"Express server running","level":"info","service":"user-service","timestamp":"2021-05-29T23:55:16.645Z"}
{"message":"Express server running","level":"info","service":"user-service","timestamp":"2021-05-29T23:59:59.986Z"}
{"message":"Express server running","level":"info","service":"user-service","timestamp":"2021-05-30T00:02:49.482Z"}
{"message":"Express server running","level":"info","service":"user-service","timestamp":"2021-05-30T00:09:56.026Z"}
{"message":"Express server running","level":"info","service":"user-service","timestamp":"2021-05-30T00:11:03.661Z"}
{"message":"Express server running","level":"info","service":"user-service","timestamp":"2021-05-30T00:15:47.440Z"}
{"message":"Express server running","level":"info","service":"user-service","timestamp":"2021-05-30T00:16:13.385Z"}
{"message":"Express server running","level":"info","service":"user-service","timestamp":"2021-05-30T00:17:18.965Z"}
{"message":"Express server running","level":"info","service":"user-service","timestamp":"2021-05-30T00:19:18.302Z"}
{"message":"Express server running","level":"info","service":"user-service","timestamp":"2021-05-30T00:19:28.595Z"}
{"message":"Express server running","level":"info","service":"user-service","timestamp":"2021-05-30T00:21:44.935Z"}
{"message":"Express server running","level":"info","service":"user-service","timestamp":"2021-05-30T00:23:11.044Z"}
{"message":"Express server running","level":"info","service":"user-service","timestamp":"2021-05-30T00:24:08.343Z"}
{"message":"Express server running","level":"info","service":"user-service","timestamp":"2021-05-30T00:25:40.778Z"}
{"message":"Express server running","level":"info","service":"user-service","timestamp":"2021-05-30T00:27:41.686Z"}
{"message":"Express server running","level":"info","service":"user-service","timestamp":"2021-05-30T00:29:19.824Z"}
{"message":"Express server running","level":"info","service":"user-service","timestamp":"2021-05-30T00:30:22.709Z"}
{"message":"Express server running","level":"info","service":"user-service","timestamp":"2021-05-30T00:32:23.615Z"}
{"message":"Express server running","level":"info","service":"user-service","timestamp":"2021-05-30T00:34:33.549Z"}
{"message":"Express server running","level":"info","service":"user-service","timestamp":"2021-05-30T00:35:10.714Z"}
{"message":"Express server running","level":"info","service":"user-service","timestamp":"2021-05-30T00:35:36.494Z"}
{"message":"Express server running","level":"info","service":"user-service","timestamp":"2021-05-30T00:36:06.705Z"}
{"message":"Express server running","level":"info","service":"user-service","timestamp":"2021-05-30T00:36:51.931Z"}
{"message":"Express server running","level":"info","service":"user-service","timestamp":"2021-05-30T00:38:10.532Z"}
{"message":"Express server running","level":"info","service":"user-service","timestamp":"2021-05-30T00:39:07.072Z"}
{"message":"Express server running","level":"info","service":"user-service","timestamp":"2021-05-30T00:40:02.449Z"}
{"message":"Express server running","level":"info","service":"user-service","timestamp":"2021-05-30T00:41:21.697Z"}
{"message":"Express server running","level":"info","service":"user-service","timestamp":"2021-05-30T00:42:20.846Z"}
{"message":"Express server running","level":"info","service":"user-service","timestamp":"2021-05-30T00:42:55.594Z"}
{"message":"Express server running","level":"info","service":"user-service","timestamp":"2021-05-30T00:44:08.522Z"}
{"message":"Express server running","level":"info","service":"user-service","timestamp":"2021-05-30T00:45:15.315Z"}
{"message":"Express server running","level":"info","service":"user-service","timestamp":"2021-05-30T00:45:41.018Z"}
{"message":"Express server running","level":"info","service":"user-service","timestamp":"2021-05-30T00:46:48.999Z"}
{"message":"Express server running","level":"info","service":"user-service","timestamp":"2021-05-30T00:47:21.226Z"}
{"message":"Express server running","level":"info","service":"user-service","timestamp":"2021-05-30T00:49:56.186Z"}
{"message":"Express server running","level":"info","service":"user-service","timestamp":"2021-05-30T00:50:39.350Z"}
{"message":"Express server running","level":"info","service":"user-service","timestamp":"2021-05-30T00:57:39.148Z"}
{"message":"Express server running","level":"info","service":"user-service","timestamp":"2021-05-30T01:26:56.936Z"}
{"message":"Express server running","level":"info","service":"user-service","timestamp":"2021-05-30T01:28:26.622Z"}
{"message":"Express server running","level":"info","service":"user-service","timestamp":"2021-05-30T01:30:28.961Z"}
{"message":"Express server running","level":"info","service":"user-service","timestamp":"2021-05-30T01:31:19.733Z"}
{"message":"Express server running","level":"info","service":"user-service","timestamp":"2021-05-30T01:33:52.147Z"}
{"message":"Express server running","level":"info","service":"user-service","timestamp":"2021-05-30T01:34:01.194Z"}
{"message":"Express server running","level":"info","service":"user-service","timestamp":"2021-05-30T01:34:30.540Z"}
{"message":"Express server running","level":"info","service":"user-service","timestamp":"2021-05-30T01:36:24.760Z"}
{"message":"Express server running","level":"info","service":"user-service","timestamp":"2021-05-30T01:39:23.826Z"}
{"message":"Express server running","level":"info","service":"user-service","timestamp":"2021-05-30T01:39:47.028Z"}
{"message":"Express server running","level":"info","service":"user-service","timestamp":"2021-05-30T09:04:15.097Z"}
{"message":"Express server running","level":"info","service":"user-service","timestamp":"2021-05-30T09:11:35.068Z"}
{"message":"Express server running","level":"info","service":"user-service","timestamp":"2021-05-30T09:18:56.558Z"}
{"message":"Express server running","level":"info","service":"user-service","timestamp":"2021-05-30T09:32:19.580Z"}
{"message":"Express server running","level":"info","service":"user-service","timestamp":"2021-05-30T09:33:05.566Z"}
{"message":"Express server running","level":"info","service":"user-service","timestamp":"2021-05-30T09:34:02.596Z"}
{"message":"Express server running","level":"info","service":"user-service","timestamp":"2021-05-30T09:36:15.575Z"}
{"message":"Express server running","level":"info","service":"user-service","timestamp":"2021-05-30T09:56:52.427Z"}
{"message":"Express server running","level":"info","service":"user-service","timestamp":"2021-05-30T09:58:25.621Z"}
{"message":"Express server running","level":"info","service":"user-service","timestamp":"2021-05-30T10:31:37.097Z"}
{"message":"Express server running","level":"info","service":"user-service","timestamp":"2021-05-30T10:36:50.422Z"}
{"message":"Express server running","level":"info","service":"user-service","timestamp":"2021-05-30T10:37:30.111Z"}
{"message":"Express server running","level":"info","service":"user-service","timestamp":"2021-05-30T10:38:41.735Z"}
{"message":"Express server running","level":"info","service":"user-service","timestamp":"2021-05-30T10:59:02.587Z"}
{"message":"Express server running","level":"info","service":"user-service","timestamp":"2021-05-30T11:00:00.799Z"}
{"message":"Express server running","level":"info","service":"user-service","timestamp":"2021-05-30T11:04:23.899Z"}
{"message":"Express server running","level":"info","service":"user-service","timestamp":"2021-05-30T11:06:53.295Z"}
{"message":"Express server running","level":"info","service":"user-service","timestamp":"2021-05-30T11:08:30.168Z"}
{"message":"Express server running","level":"info","service":"user-service","timestamp":"2021-05-30T11:09:50.910Z"}
{"message":"Express server running","level":"info","service":"user-service","timestamp":"2021-05-30T11:12:12.083Z"}
{"message":"Express server running","level":"info","service":"user-service","timestamp":"2021-05-30T11:13:46.983Z"}
{"message":"Express server running","level":"info","service":"user-service","timestamp":"2021-05-30T11:16:37.236Z"}
{"message":"Express server running","level":"info","service":"user-service","timestamp":"2021-05-30T11:19:36.030Z"}
{"message":"Express server running","level":"info","service":"user-service","timestamp":"2021-05-30T11:19:55.873Z"}
{"message":"Express server running","level":"info","service":"user-service","timestamp":"2021-05-30T11:20:45.861Z"}
{"message":"Express server running","level":"info","service":"user-service","timestamp":"2021-05-30T11:23:22.502Z"}
